[INFO] Scanning for projects...
[INFO] 
[INFO] -------------< com.vodafone.vois.spring.rest:spring-rest >--------------
[INFO] Building helloworld-rest-curd 0.0.1-SNAPSHOT
[INFO] --------------------------------[ jar ]---------------------------------
[INFO] 
[INFO] >>> spring-boot-maven-plugin:1.5.6.RELEASE:run (default-cli) > test-compile @ spring-rest >>>
[INFO] 
[INFO] --- maven-resources-plugin:2.6:resources (default-resources) @ spring-rest ---
[INFO] Using 'UTF-8' encoding to copy filtered resources.
[INFO] Copying 1 resource
[INFO] Copying 0 resource
[INFO] 
[INFO] --- maven-compiler-plugin:3.1:compile (default-compile) @ spring-rest ---
[INFO] Changes detected - recompiling the module!
[INFO] Compiling 5 source files to /home/cloud-ops/prasad/spring-rest/target/classes
[INFO] 
[INFO] --- maven-resources-plugin:2.6:testResources (default-testResources) @ spring-rest ---
[INFO] Using 'UTF-8' encoding to copy filtered resources.
[INFO] skip non existing resourceDirectory /home/cloud-ops/prasad/spring-rest/src/test/resources
[INFO] 
[INFO] --- maven-compiler-plugin:3.1:testCompile (default-testCompile) @ spring-rest ---
[INFO] Nothing to compile - all classes are up to date
[INFO] 
[INFO] <<< spring-boot-maven-plugin:1.5.6.RELEASE:run (default-cli) < test-compile @ spring-rest <<<
[INFO] 
[INFO] 
[INFO] --- spring-boot-maven-plugin:1.5.6.RELEASE:run (default-cli) @ spring-rest ---
[INFO] Attaching agents: []
15:16:47.504 [main] DEBUG org.springframework.boot.devtools.settings.DevToolsSettings - Included patterns for restart : []
15:16:47.508 [main] DEBUG org.springframework.boot.devtools.settings.DevToolsSettings - Excluded patterns for restart : [/spring-boot-starter/target/classes/, /spring-boot-autoconfigure/target/classes/, /spring-boot-starter-[\w-]+/, /spring-boot/target/classes/, /spring-boot-actuator/target/classes/, /spring-boot-devtools/target/classes/]
15:16:47.509 [main] DEBUG org.springframework.boot.devtools.restart.ChangeableUrls - Matching URLs for reloading : [file:/home/cloud-ops/prasad/spring-rest/target/classes/]

  .   ____          _            __ _ _
 /\\ / ___'_ __ _ _(_)_ __  __ _ \ \ \ \
( ( )\___ | '_ | '_| | '_ \/ _` | \ \ \ \
 \\/  ___)| |_)| | | | | || (_| |  ) ) ) )
  '  |____| .__|_| |_|_| |_\__, | / / / /
 =========|_|==============|___/=/_/_/_/
 :: Spring Boot ::        (v1.5.6.RELEASE)

2020-02-20 15:16:47.942 DEBUG 19676 --- [  restartedMain] o.s.w.c.s.StandardServletEnvironment     : Adding [servletConfigInitParams] PropertySource with lowest search precedence
2020-02-20 15:16:47.943 DEBUG 19676 --- [  restartedMain] o.s.w.c.s.StandardServletEnvironment     : Adding [servletContextInitParams] PropertySource with lowest search precedence
2020-02-20 15:16:47.944 DEBUG 19676 --- [  restartedMain] o.s.w.c.s.StandardServletEnvironment     : Adding [systemProperties] PropertySource with lowest search precedence
2020-02-20 15:16:47.944 DEBUG 19676 --- [  restartedMain] o.s.w.c.s.StandardServletEnvironment     : Adding [systemEnvironment] PropertySource with lowest search precedence
2020-02-20 15:16:47.944 DEBUG 19676 --- [  restartedMain] o.s.w.c.s.StandardServletEnvironment     : Initialized StandardServletEnvironment with PropertySources [servletConfigInitParams,servletContextInitParams,systemProperties,systemEnvironment]
2020-02-20 15:16:48.028  INFO 19676 --- [  restartedMain] com.vodafone.vois.user.Application       : Starting Application on instou04 with PID 19676 (/home/cloud-ops/prasad/spring-rest/target/classes started by cloud-ops in /home/cloud-ops/prasad/spring-rest)
2020-02-20 15:16:48.029  INFO 19676 --- [  restartedMain] com.vodafone.vois.user.Application       : No active profile set, falling back to default profiles: default
2020-02-20 15:16:48.127  INFO 19676 --- [  restartedMain] ationConfigEmbeddedWebApplicationContext : Refreshing org.springframework.boot.context.embedded.AnnotationConfigEmbeddedWebApplicationContext@5233e41a: startup date [Thu Feb 20 15:16:48 IST 2020]; root of context hierarchy
2020-02-20 15:16:49.168 DEBUG 19676 --- [  restartedMain] o.s.w.c.s.StandardServletEnvironment     : Adding [applicationConfig: [classpath:/application.properties]] PropertySource with search precedence immediately lower than [applicationConfigurationProperties]
2020-02-20 15:16:49.169 DEBUG 19676 --- [  restartedMain] o.s.w.c.s.StandardServletEnvironment     : Removing [applicationConfigurationProperties] PropertySource
2020-02-20 15:16:49.169 DEBUG 19676 --- [  restartedMain] o.s.w.c.s.StandardServletEnvironment     : Removing [defaultProperties] PropertySource
2020-02-20 15:16:49.924  INFO 19676 --- [  restartedMain] s.b.c.e.t.TomcatEmbeddedServletContainer : Tomcat initialized with port(s): 9091 (http)
2020-02-20 15:16:49.958  INFO 19676 --- [  restartedMain] o.apache.catalina.core.StandardService   : Starting service [Tomcat]
2020-02-20 15:16:49.964  INFO 19676 --- [  restartedMain] org.apache.catalina.core.StandardEngine  : Starting Servlet Engine: Apache Tomcat/8.5.16
2020-02-20 15:16:50.073  INFO 19676 --- [ost-startStop-1] o.a.c.c.C.[Tomcat].[localhost].[/]       : Initializing Spring embedded WebApplicationContext
2020-02-20 15:16:50.073 DEBUG 19676 --- [ost-startStop-1] o.s.web.context.ContextLoader            : Published root WebApplicationContext as ServletContext attribute with name [org.springframework.web.context.WebApplicationContext.ROOT]
2020-02-20 15:16:50.073  INFO 19676 --- [ost-startStop-1] o.s.web.context.ContextLoader            : Root WebApplicationContext: initialization completed in 1951 ms
2020-02-20 15:16:50.201  INFO 19676 --- [ost-startStop-1] o.s.b.w.servlet.ServletRegistrationBean  : Mapping servlet: 'dispatcherServlet' to [/]
2020-02-20 15:16:50.207  INFO 19676 --- [ost-startStop-1] o.s.b.w.servlet.FilterRegistrationBean   : Mapping filter: 'characterEncodingFilter' to: [/*]
2020-02-20 15:16:50.208  INFO 19676 --- [ost-startStop-1] o.s.b.w.servlet.FilterRegistrationBean   : Mapping filter: 'hiddenHttpMethodFilter' to: [/*]
2020-02-20 15:16:50.208  INFO 19676 --- [ost-startStop-1] o.s.b.w.servlet.FilterRegistrationBean   : Mapping filter: 'httpPutFormContentFilter' to: [/*]
2020-02-20 15:16:50.209  INFO 19676 --- [ost-startStop-1] o.s.b.w.servlet.FilterRegistrationBean   : Mapping filter: 'requestContextFilter' to: [/*]
2020-02-20 15:16:50.249 DEBUG 19676 --- [  restartedMain] o.s.w.c.s.StandardServletEnvironment     : Replacing [servletContextInitParams] PropertySource with [servletContextInitParams]
2020-02-20 15:16:50.726  INFO 19676 --- [  restartedMain] s.w.s.m.m.a.RequestMappingHandlerAdapter : Looking for @ControllerAdvice: org.springframework.boot.context.embedded.AnnotationConfigEmbeddedWebApplicationContext@5233e41a: startup date [Thu Feb 20 15:16:48 IST 2020]; root of context hierarchy
2020-02-20 15:16:50.807 DEBUG 19676 --- [  restartedMain] s.w.s.m.m.a.RequestMappingHandlerMapping : Looking for request mappings in application context: org.springframework.boot.context.embedded.AnnotationConfigEmbeddedWebApplicationContext@5233e41a: startup date [Thu Feb 20 15:16:48 IST 2020]; root of context hierarchy
2020-02-20 15:16:50.837 DEBUG 19676 --- [  restartedMain] s.w.s.m.m.a.RequestMappingHandlerMapping : 6 request handler methods found on class com.vodafone.vois.user.spring.controller.UserController: {public org.springframework.http.ResponseEntity com.vodafone.vois.user.spring.controller.UserController.getUserById(int)={[/user/{id}],methods=[GET],produces=[application/json]}, public org.springframework.http.ResponseEntity com.vodafone.vois.user.spring.controller.UserController.createUser(com.vodafone.vois.user.spring.bean.User,org.springframework.web.util.UriComponentsBuilder)={[/user/create],methods=[POST],produces=[application/json]}, public java.util.List com.vodafone.vois.user.spring.controller.UserController.getAllUser()={[/user/get],methods=[GET],produces=[application/json]}, public org.springframework.http.ResponseEntity com.vodafone.vois.user.spring.controller.UserController.updateUserPartial(int,com.vodafone.vois.user.spring.bean.User)={[/user/{id}],methods=[PATCH],produces=[application/json]}, public org.springframework.http.ResponseEntity com.vodafone.vois.user.spring.controller.UserController.updateUser(com.vodafone.vois.user.spring.bean.User)={[/user/update],methods=[PUT],produces=[application/json]}, public org.springframework.http.ResponseEntity com.vodafone.vois.user.spring.controller.UserController.deleteUser(int)={[/user/{id}],methods=[DELETE],produces=[application/json]}}
2020-02-20 15:16:50.839  INFO 19676 --- [  restartedMain] s.w.s.m.m.a.RequestMappingHandlerMapping : Mapped "{[/user/{id}],methods=[GET],produces=[application/json]}" onto public org.springframework.http.ResponseEntity<com.vodafone.vois.user.spring.bean.User> com.vodafone.vois.user.spring.controller.UserController.getUserById(int)
2020-02-20 15:16:50.841  INFO 19676 --- [  restartedMain] s.w.s.m.m.a.RequestMappingHandlerMapping : Mapped "{[/user/create],methods=[POST],produces=[application/json]}" onto public org.springframework.http.ResponseEntity<java.lang.Void> com.vodafone.vois.user.spring.controller.UserController.createUser(com.vodafone.vois.user.spring.bean.User,org.springframework.web.util.UriComponentsBuilder)
2020-02-20 15:16:50.841  INFO 19676 --- [  restartedMain] s.w.s.m.m.a.RequestMappingHandlerMapping : Mapped "{[/user/get],methods=[GET],produces=[application/json]}" onto public java.util.List<com.vodafone.vois.user.spring.bean.User> com.vodafone.vois.user.spring.controller.UserController.getAllUser()
2020-02-20 15:16:50.842  INFO 19676 --- [  restartedMain] s.w.s.m.m.a.RequestMappingHandlerMapping : Mapped "{[/user/{id}],methods=[PATCH],produces=[application/json]}" onto public org.springframework.http.ResponseEntity<com.vodafone.vois.user.spring.bean.User> com.vodafone.vois.user.spring.controller.UserController.updateUserPartial(int,com.vodafone.vois.user.spring.bean.User)
2020-02-20 15:16:50.843  INFO 19676 --- [  restartedMain] s.w.s.m.m.a.RequestMappingHandlerMapping : Mapped "{[/user/update],methods=[PUT],produces=[application/json]}" onto public org.springframework.http.ResponseEntity<java.lang.String> com.vodafone.vois.user.spring.controller.UserController.updateUser(com.vodafone.vois.user.spring.bean.User)
2020-02-20 15:16:50.843  INFO 19676 --- [  restartedMain] s.w.s.m.m.a.RequestMappingHandlerMapping : Mapped "{[/user/{id}],methods=[DELETE],produces=[application/json]}" onto public org.springframework.http.ResponseEntity<com.vodafone.vois.user.spring.bean.User> com.vodafone.vois.user.spring.controller.UserController.deleteUser(int)
2020-02-20 15:16:50.847 DEBUG 19676 --- [  restartedMain] s.w.s.m.m.a.RequestMappingHandlerMapping : 2 request handler methods found on class org.springframework.boot.autoconfigure.web.BasicErrorController: {public org.springframework.web.servlet.ModelAndView org.springframework.boot.autoconfigure.web.BasicErrorController.errorHtml(javax.servlet.http.HttpServletRequest,javax.servlet.http.HttpServletResponse)={[/error],produces=[text/html]}, public org.springframework.http.ResponseEntity org.springframework.boot.autoconfigure.web.BasicErrorController.error(javax.servlet.http.HttpServletRequest)={[/error]}}
2020-02-20 15:16:50.848  INFO 19676 --- [  restartedMain] s.w.s.m.m.a.RequestMappingHandlerMapping : Mapped "{[/error],produces=[text/html]}" onto public org.springframework.web.servlet.ModelAndView org.springframework.boot.autoconfigure.web.BasicErrorController.errorHtml(javax.servlet.http.HttpServletRequest,javax.servlet.http.HttpServletResponse)
2020-02-20 15:16:50.848  INFO 19676 --- [  restartedMain] s.w.s.m.m.a.RequestMappingHandlerMapping : Mapped "{[/error]}" onto public org.springframework.http.ResponseEntity<java.util.Map<java.lang.String, java.lang.Object>> org.springframework.boot.autoconfigure.web.BasicErrorController.error(javax.servlet.http.HttpServletRequest)
2020-02-20 15:16:50.875 DEBUG 19676 --- [  restartedMain] o.s.w.s.h.BeanNameUrlHandlerMapping      : Looking for URL mappings in application context: org.springframework.boot.context.embedded.AnnotationConfigEmbeddedWebApplicationContext@5233e41a: startup date [Thu Feb 20 15:16:48 IST 2020]; root of context hierarchy
2020-02-20 15:16:50.875 DEBUG 19676 --- [  restartedMain] o.s.w.s.h.BeanNameUrlHandlerMapping      : Rejected bean name 'org.springframework.context.annotation.internalConfigurationAnnotationProcessor': no URL paths identified
2020-02-20 15:16:50.875 DEBUG 19676 --- [  restartedMain] o.s.w.s.h.BeanNameUrlHandlerMapping      : Rejected bean name 'org.springframework.context.annotation.internalAutowiredAnnotationProcessor': no URL paths identified
2020-02-20 15:16:50.875 DEBUG 19676 --- [  restartedMain] o.s.w.s.h.BeanNameUrlHandlerMapping      : Rejected bean name 'org.springframework.context.annotation.internalRequiredAnnotationProcessor': no URL paths identified
2020-02-20 15:16:50.875 DEBUG 19676 --- [  restartedMain] o.s.w.s.h.BeanNameUrlHandlerMapping      : Rejected bean name 'org.springframework.context.annotation.internalCommonAnnotationProcessor': no URL paths identified
2020-02-20 15:16:50.875 DEBUG 19676 --- [  restartedMain] o.s.w.s.h.BeanNameUrlHandlerMapping      : Rejected bean name 'org.springframework.context.event.internalEventListenerProcessor': no URL paths identified
2020-02-20 15:16:50.875 DEBUG 19676 --- [  restartedMain] o.s.w.s.h.BeanNameUrlHandlerMapping      : Rejected bean name 'org.springframework.context.event.internalEventListenerFactory': no URL paths identified
2020-02-20 15:16:50.876 DEBUG 19676 --- [  restartedMain] o.s.w.s.h.BeanNameUrlHandlerMapping      : Rejected bean name 'application': no URL paths identified
2020-02-20 15:16:50.876 DEBUG 19676 --- [  restartedMain] o.s.w.s.h.BeanNameUrlHandlerMapping      : Rejected bean name 'org.springframework.boot.autoconfigure.internalCachingMetadataReaderFactory': no URL paths identified
2020-02-20 15:16:50.876 DEBUG 19676 --- [  restartedMain] o.s.w.s.h.BeanNameUrlHandlerMapping      : Rejected bean name 'userController': no URL paths identified
2020-02-20 15:16:50.876 DEBUG 19676 --- [  restartedMain] o.s.w.s.h.BeanNameUrlHandlerMapping      : Rejected bean name 'userServiceImp': no URL paths identified
2020-02-20 15:16:50.876 DEBUG 19676 --- [  restartedMain] o.s.w.s.h.BeanNameUrlHandlerMapping      : Rejected bean name 'org.springframework.boot.autoconfigure.AutoConfigurationPackages': no URL paths identified
2020-02-20 15:16:50.876 DEBUG 19676 --- [  restartedMain] o.s.w.s.h.BeanNameUrlHandlerMapping      : Rejected bean name 'org.springframework.boot.autoconfigure.context.PropertyPlaceholderAutoConfiguration': no URL paths identified
2020-02-20 15:16:50.876 DEBUG 19676 --- [  restartedMain] o.s.w.s.h.BeanNameUrlHandlerMapping      : Rejected bean name 'org.springframework.boot.autoconfigure.condition.BeanTypeRegistry': no URL paths identified
2020-02-20 15:16:50.876 DEBUG 19676 --- [  restartedMain] o.s.w.s.h.BeanNameUrlHandlerMapping      : Rejected bean name 'propertySourcesPlaceholderConfigurer': no URL paths identified
2020-02-20 15:16:50.876 DEBUG 19676 --- [  restartedMain] o.s.w.s.h.BeanNameUrlHandlerMapping      : Rejected bean name 'org.springframework.boot.autoconfigure.jackson.JacksonAutoConfiguration$Jackson2ObjectMapperBuilderCustomizerConfiguration': no URL paths identified
2020-02-20 15:16:50.876 DEBUG 19676 --- [  restartedMain] o.s.w.s.h.BeanNameUrlHandlerMapping      : Rejected bean name 'standardJacksonObjectMapperBuilderCustomizer': no URL paths identified
2020-02-20 15:16:50.876 DEBUG 19676 --- [  restartedMain] o.s.w.s.h.BeanNameUrlHandlerMapping      : Rejected bean name 'spring.jackson-org.springframework.boot.autoconfigure.jackson.JacksonProperties': no URL paths identified
2020-02-20 15:16:50.876 DEBUG 19676 --- [  restartedMain] o.s.w.s.h.BeanNameUrlHandlerMapping      : Rejected bean name 'org.springframework.boot.context.properties.ConfigurationPropertiesBindingPostProcessor': no URL paths identified
2020-02-20 15:16:50.876 DEBUG 19676 --- [  restartedMain] o.s.w.s.h.BeanNameUrlHandlerMapping      : Rejected bean name 'org.springframework.boot.context.properties.ConfigurationPropertiesBindingPostProcessor.store': no URL paths identified
2020-02-20 15:16:50.876 DEBUG 19676 --- [  restartedMain] o.s.w.s.h.BeanNameUrlHandlerMapping      : Rejected bean name 'org.springframework.boot.autoconfigure.jackson.JacksonAutoConfiguration$JacksonObjectMapperBuilderConfiguration': no URL paths identified
2020-02-20 15:16:50.876 DEBUG 19676 --- [  restartedMain] o.s.w.s.h.BeanNameUrlHandlerMapping      : Rejected bean name 'jacksonObjectMapperBuilder': no URL paths identified
2020-02-20 15:16:50.876 DEBUG 19676 --- [  restartedMain] o.s.w.s.h.BeanNameUrlHandlerMapping      : Rejected bean name 'org.springframework.boot.autoconfigure.jackson.JacksonAutoConfiguration$JacksonObjectMapperConfiguration': no URL paths identified
2020-02-20 15:16:50.876 DEBUG 19676 --- [  restartedMain] o.s.w.s.h.BeanNameUrlHandlerMapping      : Rejected bean name 'jacksonObjectMapper': no URL paths identified
2020-02-20 15:16:50.876 DEBUG 19676 --- [  restartedMain] o.s.w.s.h.BeanNameUrlHandlerMapping      : Rejected bean name 'org.springframework.boot.autoconfigure.jackson.JacksonAutoConfiguration': no URL paths identified
2020-02-20 15:16:50.877 DEBUG 19676 --- [  restartedMain] o.s.w.s.h.BeanNameUrlHandlerMapping      : Rejected bean name 'jsonComponentModule': no URL paths identified
2020-02-20 15:16:50.877 DEBUG 19676 --- [  restartedMain] o.s.w.s.h.BeanNameUrlHandlerMapping      : Rejected bean name 'org.springframework.boot.autoconfigure.websocket.WebSocketAutoConfiguration$TomcatWebSocketConfiguration': no URL paths identified
2020-02-20 15:16:50.877 DEBUG 19676 --- [  restartedMain] o.s.w.s.h.BeanNameUrlHandlerMapping      : Rejected bean name 'websocketContainerCustomizer': no URL paths identified
2020-02-20 15:16:50.877 DEBUG 19676 --- [  restartedMain] o.s.w.s.h.BeanNameUrlHandlerMapping      : Rejected bean name 'org.springframework.boot.autoconfigure.websocket.WebSocketAutoConfiguration': no URL paths identified
2020-02-20 15:16:50.877 DEBUG 19676 --- [  restartedMain] o.s.w.s.h.BeanNameUrlHandlerMapping      : Rejected bean name 'org.springframework.boot.autoconfigure.web.EmbeddedServletContainerAutoConfiguration$EmbeddedTomcat': no URL paths identified
2020-02-20 15:16:50.877 DEBUG 19676 --- [  restartedMain] o.s.w.s.h.BeanNameUrlHandlerMapping      : Rejected bean name 'tomcatEmbeddedServletContainerFactory': no URL paths identified
2020-02-20 15:16:50.877 DEBUG 19676 --- [  restartedMain] o.s.w.s.h.BeanNameUrlHandlerMapping      : Rejected bean name 'org.springframework.boot.autoconfigure.web.EmbeddedServletContainerAutoConfiguration': no URL paths identified
2020-02-20 15:16:50.877 DEBUG 19676 --- [  restartedMain] o.s.w.s.h.BeanNameUrlHandlerMapping      : Rejected bean name 'embeddedServletContainerCustomizerBeanPostProcessor': no URL paths identified
2020-02-20 15:16:50.877 DEBUG 19676 --- [  restartedMain] o.s.w.s.h.BeanNameUrlHandlerMapping      : Rejected bean name 'errorPageRegistrarBeanPostProcessor': no URL paths identified
2020-02-20 15:16:50.877 DEBUG 19676 --- [  restartedMain] o.s.w.s.h.BeanNameUrlHandlerMapping      : Rejected bean name 'org.springframework.boot.autoconfigure.web.DispatcherServletAutoConfiguration$DispatcherServletConfiguration': no URL paths identified
2020-02-20 15:16:50.877 DEBUG 19676 --- [  restartedMain] o.s.w.s.h.BeanNameUrlHandlerMapping      : Rejected bean name 'dispatcherServlet': no URL paths identified
2020-02-20 15:16:50.877 DEBUG 19676 --- [  restartedMain] o.s.w.s.h.BeanNameUrlHandlerMapping      : Rejected bean name 'spring.mvc-org.springframework.boot.autoconfigure.web.WebMvcProperties': no URL paths identified
2020-02-20 15:16:50.877 DEBUG 19676 --- [  restartedMain] o.s.w.s.h.BeanNameUrlHandlerMapping      : Rejected bean name 'org.springframework.boot.autoconfigure.web.DispatcherServletAutoConfiguration$DispatcherServletRegistrationConfiguration': no URL paths identified
2020-02-20 15:16:50.877 DEBUG 19676 --- [  restartedMain] o.s.w.s.h.BeanNameUrlHandlerMapping      : Rejected bean name 'dispatcherServletRegistration': no URL paths identified
2020-02-20 15:16:50.877 DEBUG 19676 --- [  restartedMain] o.s.w.s.h.BeanNameUrlHandlerMapping      : Rejected bean name 'org.springframework.boot.autoconfigure.web.DispatcherServletAutoConfiguration': no URL paths identified
2020-02-20 15:16:50.877 DEBUG 19676 --- [  restartedMain] o.s.w.s.h.BeanNameUrlHandlerMapping      : Rejected bean name 'org.springframework.boot.autoconfigure.validation.ValidationAutoConfiguration': no URL paths identified
2020-02-20 15:16:50.877 DEBUG 19676 --- [  restartedMain] o.s.w.s.h.BeanNameUrlHandlerMapping      : Rejected bean name 'defaultValidator': no URL paths identified
2020-02-20 15:16:50.878 DEBUG 19676 --- [  restartedMain] o.s.w.s.h.BeanNameUrlHandlerMapping      : Rejected bean name 'methodValidationPostProcessor': no URL paths identified
2020-02-20 15:16:50.878 DEBUG 19676 --- [  restartedMain] o.s.w.s.h.BeanNameUrlHandlerMapping      : Rejected bean name 'org.springframework.boot.autoconfigure.web.ErrorMvcAutoConfiguration$WhitelabelErrorViewConfiguration': no URL paths identified
2020-02-20 15:16:50.878 DEBUG 19676 --- [  restartedMain] o.s.w.s.h.BeanNameUrlHandlerMapping      : Rejected bean name 'error': no URL paths identified
2020-02-20 15:16:50.878 DEBUG 19676 --- [  restartedMain] o.s.w.s.h.BeanNameUrlHandlerMapping      : Rejected bean name 'beanNameViewResolver': no URL paths identified
2020-02-20 15:16:50.878 DEBUG 19676 --- [  restartedMain] o.s.w.s.h.BeanNameUrlHandlerMapping      : Rejected bean name 'org.springframework.boot.autoconfigure.web.ErrorMvcAutoConfiguration$DefaultErrorViewResolverConfiguration': no URL paths identified
2020-02-20 15:16:50.878 DEBUG 19676 --- [  restartedMain] o.s.w.s.h.BeanNameUrlHandlerMapping      : Rejected bean name 'conventionErrorViewResolver': no URL paths identified
2020-02-20 15:16:50.878 DEBUG 19676 --- [  restartedMain] o.s.w.s.h.BeanNameUrlHandlerMapping      : Rejected bean name 'org.springframework.boot.autoconfigure.web.ErrorMvcAutoConfiguration': no URL paths identified
2020-02-20 15:16:50.878 DEBUG 19676 --- [  restartedMain] o.s.w.s.h.BeanNameUrlHandlerMapping      : Rejected bean name 'errorAttributes': no URL paths identified
2020-02-20 15:16:50.878 DEBUG 19676 --- [  restartedMain] o.s.w.s.h.BeanNameUrlHandlerMapping      : Rejected bean name 'basicErrorController': no URL paths identified
2020-02-20 15:16:50.878 DEBUG 19676 --- [  restartedMain] o.s.w.s.h.BeanNameUrlHandlerMapping      : Rejected bean name 'errorPageCustomizer': no URL paths identified
2020-02-20 15:16:50.878 DEBUG 19676 --- [  restartedMain] o.s.w.s.h.BeanNameUrlHandlerMapping      : Rejected bean name 'preserveErrorControllerTargetClassPostProcessor': no URL paths identified
2020-02-20 15:16:50.878 DEBUG 19676 --- [  restartedMain] o.s.w.s.h.BeanNameUrlHandlerMapping      : Rejected bean name 'spring.resources-org.springframework.boot.autoconfigure.web.ResourceProperties': no URL paths identified
2020-02-20 15:16:50.878 DEBUG 19676 --- [  restartedMain] o.s.w.s.h.BeanNameUrlHandlerMapping      : Rejected bean name 'org.springframework.boot.autoconfigure.web.WebMvcAutoConfiguration$EnableWebMvcConfiguration': no URL paths identified
2020-02-20 15:16:50.878 DEBUG 19676 --- [  restartedMain] o.s.w.s.h.BeanNameUrlHandlerMapping      : Rejected bean name 'requestMappingHandlerAdapter': no URL paths identified
2020-02-20 15:16:50.878 DEBUG 19676 --- [  restartedMain] o.s.w.s.h.BeanNameUrlHandlerMapping      : Rejected bean name 'requestMappingHandlerMapping': no URL paths identified
2020-02-20 15:16:50.878 DEBUG 19676 --- [  restartedMain] o.s.w.s.h.BeanNameUrlHandlerMapping      : Rejected bean name 'mvcValidator': no URL paths identified
2020-02-20 15:16:50.878 DEBUG 19676 --- [  restartedMain] o.s.w.s.h.BeanNameUrlHandlerMapping      : Rejected bean name 'mvcContentNegotiationManager': no URL paths identified
2020-02-20 15:16:50.878 DEBUG 19676 --- [  restartedMain] o.s.w.s.h.BeanNameUrlHandlerMapping      : Rejected bean name 'mvcPathMatcher': no URL paths identified
2020-02-20 15:16:50.878 DEBUG 19676 --- [  restartedMain] o.s.w.s.h.BeanNameUrlHandlerMapping      : Rejected bean name 'mvcUrlPathHelper': no URL paths identified
2020-02-20 15:16:50.878 DEBUG 19676 --- [  restartedMain] o.s.w.s.h.BeanNameUrlHandlerMapping      : Rejected bean name 'viewControllerHandlerMapping': no URL paths identified
2020-02-20 15:16:50.879 DEBUG 19676 --- [  restartedMain] o.s.w.s.h.BeanNameUrlHandlerMapping      : Rejected bean name 'beanNameHandlerMapping': no URL paths identified
2020-02-20 15:16:50.879 DEBUG 19676 --- [  restartedMain] o.s.w.s.h.BeanNameUrlHandlerMapping      : Rejected bean name 'resourceHandlerMapping': no URL paths identified
2020-02-20 15:16:50.879 DEBUG 19676 --- [  restartedMain] o.s.w.s.h.BeanNameUrlHandlerMapping      : Rejected bean name 'mvcResourceUrlProvider': no URL paths identified
2020-02-20 15:16:50.879 DEBUG 19676 --- [  restartedMain] o.s.w.s.h.BeanNameUrlHandlerMapping      : Rejected bean name 'defaultServletHandlerMapping': no URL paths identified
2020-02-20 15:16:50.879 DEBUG 19676 --- [  restartedMain] o.s.w.s.h.BeanNameUrlHandlerMapping      : Rejected bean name 'mvcConversionService': no URL paths identified
2020-02-20 15:16:50.879 DEBUG 19676 --- [  restartedMain] o.s.w.s.h.BeanNameUrlHandlerMapping      : Rejected bean name 'mvcUriComponentsContributor': no URL paths identified
2020-02-20 15:16:50.879 DEBUG 19676 --- [  restartedMain] o.s.w.s.h.BeanNameUrlHandlerMapping      : Rejected bean name 'httpRequestHandlerAdapter': no URL paths identified
2020-02-20 15:16:50.879 DEBUG 19676 --- [  restartedMain] o.s.w.s.h.BeanNameUrlHandlerMapping      : Rejected bean name 'simpleControllerHandlerAdapter': no URL paths identified
2020-02-20 15:16:50.879 DEBUG 19676 --- [  restartedMain] o.s.w.s.h.BeanNameUrlHandlerMapping      : Rejected bean name 'handlerExceptionResolver': no URL paths identified
2020-02-20 15:16:50.879 DEBUG 19676 --- [  restartedMain] o.s.w.s.h.BeanNameUrlHandlerMapping      : Rejected bean name 'mvcViewResolver': no URL paths identified
2020-02-20 15:16:50.879 DEBUG 19676 --- [  restartedMain] o.s.w.s.h.BeanNameUrlHandlerMapping      : Rejected bean name 'org.springframework.boot.autoconfigure.web.WebMvcAutoConfiguration$WebMvcAutoConfigurationAdapter$FaviconConfiguration': no URL paths identified
2020-02-20 15:16:50.879 DEBUG 19676 --- [  restartedMain] o.s.w.s.h.BeanNameUrlHandlerMapping      : Rejected bean name 'faviconHandlerMapping': no URL paths identified
2020-02-20 15:16:50.879 DEBUG 19676 --- [  restartedMain] o.s.w.s.h.BeanNameUrlHandlerMapping      : Rejected bean name 'faviconRequestHandler': no URL paths identified
2020-02-20 15:16:50.879 DEBUG 19676 --- [  restartedMain] o.s.w.s.h.BeanNameUrlHandlerMapping      : Rejected bean name 'org.springframework.boot.autoconfigure.web.WebMvcAutoConfiguration$WebMvcAutoConfigurationAdapter': no URL paths identified
2020-02-20 15:16:50.880 DEBUG 19676 --- [  restartedMain] o.s.w.s.h.BeanNameUrlHandlerMapping      : Rejected bean name 'defaultViewResolver': no URL paths identified
2020-02-20 15:16:50.880 DEBUG 19676 --- [  restartedMain] o.s.w.s.h.BeanNameUrlHandlerMapping      : Rejected bean name 'viewResolver': no URL paths identified
2020-02-20 15:16:50.880 DEBUG 19676 --- [  restartedMain] o.s.w.s.h.BeanNameUrlHandlerMapping      : Rejected bean name 'welcomePageHandlerMapping': no URL paths identified
2020-02-20 15:16:50.880 DEBUG 19676 --- [  restartedMain] o.s.w.s.h.BeanNameUrlHandlerMapping      : Rejected bean name 'requestContextFilter': no URL paths identified
2020-02-20 15:16:50.880 DEBUG 19676 --- [  restartedMain] o.s.w.s.h.BeanNameUrlHandlerMapping      : Rejected bean name 'org.springframework.boot.autoconfigure.web.WebMvcAutoConfiguration': no URL paths identified
2020-02-20 15:16:50.880 DEBUG 19676 --- [  restartedMain] o.s.w.s.h.BeanNameUrlHandlerMapping      : Rejected bean name 'hiddenHttpMethodFilter': no URL paths identified
2020-02-20 15:16:50.880 DEBUG 19676 --- [  restartedMain] o.s.w.s.h.BeanNameUrlHandlerMapping      : Rejected bean name 'httpPutFormContentFilter': no URL paths identified
2020-02-20 15:16:50.880 DEBUG 19676 --- [  restartedMain] o.s.w.s.h.BeanNameUrlHandlerMapping      : Rejected bean name 'org.springframework.boot.autoconfigure.jmx.JmxAutoConfiguration': no URL paths identified
2020-02-20 15:16:50.880 DEBUG 19676 --- [  restartedMain] o.s.w.s.h.BeanNameUrlHandlerMapping      : Rejected bean name 'mbeanExporter': no URL paths identified
2020-02-20 15:16:50.880 DEBUG 19676 --- [  restartedMain] o.s.w.s.h.BeanNameUrlHandlerMapping      : Rejected bean name 'objectNamingStrategy': no URL paths identified
2020-02-20 15:16:50.880 DEBUG 19676 --- [  restartedMain] o.s.w.s.h.BeanNameUrlHandlerMapping      : Rejected bean name 'mbeanServer': no URL paths identified
2020-02-20 15:16:50.880 DEBUG 19676 --- [  restartedMain] o.s.w.s.h.BeanNameUrlHandlerMapping      : Rejected bean name 'org.springframework.boot.autoconfigure.context.ConfigurationPropertiesAutoConfiguration': no URL paths identified
2020-02-20 15:16:50.880 DEBUG 19676 --- [  restartedMain] o.s.w.s.h.BeanNameUrlHandlerMapping      : Rejected bean name 'org.springframework.boot.autoconfigure.web.HttpMessageConvertersAutoConfiguration$StringHttpMessageConverterConfiguration': no URL paths identified
2020-02-20 15:16:50.880 DEBUG 19676 --- [  restartedMain] o.s.w.s.h.BeanNameUrlHandlerMapping      : Rejected bean name 'stringHttpMessageConverter': no URL paths identified
2020-02-20 15:16:50.880 DEBUG 19676 --- [  restartedMain] o.s.w.s.h.BeanNameUrlHandlerMapping      : Rejected bean name 'spring.http.encoding-org.springframework.boot.autoconfigure.web.HttpEncodingProperties': no URL paths identified
2020-02-20 15:16:50.880 DEBUG 19676 --- [  restartedMain] o.s.w.s.h.BeanNameUrlHandlerMapping      : Rejected bean name 'org.springframework.boot.autoconfigure.web.JacksonHttpMessageConvertersConfiguration$MappingJackson2HttpMessageConverterConfiguration': no URL paths identified
2020-02-20 15:16:50.880 DEBUG 19676 --- [  restartedMain] o.s.w.s.h.BeanNameUrlHandlerMapping      : Rejected bean name 'mappingJackson2HttpMessageConverter': no URL paths identified
2020-02-20 15:16:50.880 DEBUG 19676 --- [  restartedMain] o.s.w.s.h.BeanNameUrlHandlerMapping      : Rejected bean name 'org.springframework.boot.autoconfigure.web.JacksonHttpMessageConvertersConfiguration': no URL paths identified
2020-02-20 15:16:50.880 DEBUG 19676 --- [  restartedMain] o.s.w.s.h.BeanNameUrlHandlerMapping      : Rejected bean name 'org.springframework.boot.autoconfigure.web.HttpMessageConvertersAutoConfiguration': no URL paths identified
2020-02-20 15:16:50.880 DEBUG 19676 --- [  restartedMain] o.s.w.s.h.BeanNameUrlHandlerMapping      : Rejected bean name 'messageConverters': no URL paths identified
2020-02-20 15:16:50.880 DEBUG 19676 --- [  restartedMain] o.s.w.s.h.BeanNameUrlHandlerMapping      : Rejected bean name 'org.springframework.boot.autoconfigure.info.ProjectInfoAutoConfiguration': no URL paths identified
2020-02-20 15:16:50.880 DEBUG 19676 --- [  restartedMain] o.s.w.s.h.BeanNameUrlHandlerMapping      : Rejected bean name 'spring.info-org.springframework.boot.autoconfigure.info.ProjectInfoProperties': no URL paths identified
2020-02-20 15:16:50.881 DEBUG 19676 --- [  restartedMain] o.s.w.s.h.BeanNameUrlHandlerMapping      : Rejected bean name 'org.springframework.boot.autoconfigure.web.HttpEncodingAutoConfiguration': no URL paths identified
2020-02-20 15:16:50.881 DEBUG 19676 --- [  restartedMain] o.s.w.s.h.BeanNameUrlHandlerMapping      : Rejected bean name 'characterEncodingFilter': no URL paths identified
2020-02-20 15:16:50.881 DEBUG 19676 --- [  restartedMain] o.s.w.s.h.BeanNameUrlHandlerMapping      : Rejected bean name 'localeCharsetMappingsCustomizer': no URL paths identified
2020-02-20 15:16:50.881 DEBUG 19676 --- [  restartedMain] o.s.w.s.h.BeanNameUrlHandlerMapping      : Rejected bean name 'org.springframework.boot.autoconfigure.web.MultipartAutoConfiguration': no URL paths identified
2020-02-20 15:16:50.881 DEBUG 19676 --- [  restartedMain] o.s.w.s.h.BeanNameUrlHandlerMapping      : Rejected bean name 'multipartConfigElement': no URL paths identified
2020-02-20 15:16:50.881 DEBUG 19676 --- [  restartedMain] o.s.w.s.h.BeanNameUrlHandlerMapping      : Rejected bean name 'multipartResolver': no URL paths identified
2020-02-20 15:16:50.881 DEBUG 19676 --- [  restartedMain] o.s.w.s.h.BeanNameUrlHandlerMapping      : Rejected bean name 'spring.http.multipart-org.springframework.boot.autoconfigure.web.MultipartProperties': no URL paths identified
2020-02-20 15:16:50.881 DEBUG 19676 --- [  restartedMain] o.s.w.s.h.BeanNameUrlHandlerMapping      : Rejected bean name 'org.springframework.boot.autoconfigure.web.ServerPropertiesAutoConfiguration': no URL paths identified
2020-02-20 15:16:50.881 DEBUG 19676 --- [  restartedMain] o.s.w.s.h.BeanNameUrlHandlerMapping      : Rejected bean name 'serverProperties': no URL paths identified
2020-02-20 15:16:50.881 DEBUG 19676 --- [  restartedMain] o.s.w.s.h.BeanNameUrlHandlerMapping      : Rejected bean name 'duplicateServerPropertiesDetector': no URL paths identified
2020-02-20 15:16:50.881 DEBUG 19676 --- [  restartedMain] o.s.w.s.h.BeanNameUrlHandlerMapping      : Rejected bean name 'org.springframework.boot.autoconfigure.web.WebClientAutoConfiguration$RestTemplateConfiguration': no URL paths identified
2020-02-20 15:16:50.881 DEBUG 19676 --- [  restartedMain] o.s.w.s.h.BeanNameUrlHandlerMapping      : Rejected bean name 'restTemplateBuilder': no URL paths identified
2020-02-20 15:16:50.881 DEBUG 19676 --- [  restartedMain] o.s.w.s.h.BeanNameUrlHandlerMapping      : Rejected bean name 'org.springframework.boot.autoconfigure.web.WebClientAutoConfiguration': no URL paths identified
2020-02-20 15:16:50.881 DEBUG 19676 --- [  restartedMain] o.s.w.s.h.BeanNameUrlHandlerMapping      : Rejected bean name 'org.springframework.boot.devtools.autoconfigure.LocalDevToolsAutoConfiguration$RestartConfiguration': no URL paths identified
2020-02-20 15:16:50.881 DEBUG 19676 --- [  restartedMain] o.s.w.s.h.BeanNameUrlHandlerMapping      : Rejected bean name 'classPathFileSystemWatcher': no URL paths identified
2020-02-20 15:16:50.881 DEBUG 19676 --- [  restartedMain] o.s.w.s.h.BeanNameUrlHandlerMapping      : Rejected bean name 'classPathRestartStrategy': no URL paths identified
2020-02-20 15:16:50.881 DEBUG 19676 --- [  restartedMain] o.s.w.s.h.BeanNameUrlHandlerMapping      : Rejected bean name 'hateoasObjenesisCacheDisabler': no URL paths identified
2020-02-20 15:16:50.881 DEBUG 19676 --- [  restartedMain] o.s.w.s.h.BeanNameUrlHandlerMapping      : Rejected bean name 'fileSystemWatcherFactory': no URL paths identified
2020-02-20 15:16:50.881 DEBUG 19676 --- [  restartedMain] o.s.w.s.h.BeanNameUrlHandlerMapping      : Rejected bean name 'org.springframework.boot.devtools.autoconfigure.LocalDevToolsAutoConfiguration$LiveReloadConfiguration': no URL paths identified
2020-02-20 15:16:50.881 DEBUG 19676 --- [  restartedMain] o.s.w.s.h.BeanNameUrlHandlerMapping      : Rejected bean name 'liveReloadServer': no URL paths identified
2020-02-20 15:16:50.881 DEBUG 19676 --- [  restartedMain] o.s.w.s.h.BeanNameUrlHandlerMapping      : Rejected bean name 'optionalLiveReloadServer': no URL paths identified
2020-02-20 15:16:50.881 DEBUG 19676 --- [  restartedMain] o.s.w.s.h.BeanNameUrlHandlerMapping      : Rejected bean name 'org.springframework.boot.devtools.autoconfigure.LocalDevToolsAutoConfiguration': no URL paths identified
2020-02-20 15:16:50.881 DEBUG 19676 --- [  restartedMain] o.s.w.s.h.BeanNameUrlHandlerMapping      : Rejected bean name 'spring.devtools-org.springframework.boot.devtools.autoconfigure.DevToolsProperties': no URL paths identified
2020-02-20 15:16:50.881 DEBUG 19676 --- [  restartedMain] o.s.w.s.h.BeanNameUrlHandlerMapping      : Rejected bean name 'autoConfigurationReport': no URL paths identified
2020-02-20 15:16:50.882 DEBUG 19676 --- [  restartedMain] o.s.w.s.h.BeanNameUrlHandlerMapping      : Rejected bean name 'springApplicationArguments': no URL paths identified
2020-02-20 15:16:50.882 DEBUG 19676 --- [  restartedMain] o.s.w.s.h.BeanNameUrlHandlerMapping      : Rejected bean name 'springBootBanner': no URL paths identified
2020-02-20 15:16:50.882 DEBUG 19676 --- [  restartedMain] o.s.w.s.h.BeanNameUrlHandlerMapping      : Rejected bean name 'springBootLoggingSystem': no URL paths identified
2020-02-20 15:16:50.882 DEBUG 19676 --- [  restartedMain] o.s.w.s.h.BeanNameUrlHandlerMapping      : Rejected bean name 'environment': no URL paths identified
2020-02-20 15:16:50.882 DEBUG 19676 --- [  restartedMain] o.s.w.s.h.BeanNameUrlHandlerMapping      : Rejected bean name 'systemProperties': no URL paths identified
2020-02-20 15:16:50.882 DEBUG 19676 --- [  restartedMain] o.s.w.s.h.BeanNameUrlHandlerMapping      : Rejected bean name 'systemEnvironment': no URL paths identified
2020-02-20 15:16:50.882 DEBUG 19676 --- [  restartedMain] o.s.w.s.h.BeanNameUrlHandlerMapping      : Rejected bean name 'org.springframework.context.annotation.ConfigurationClassPostProcessor.importRegistry': no URL paths identified
2020-02-20 15:16:50.882 DEBUG 19676 --- [  restartedMain] o.s.w.s.h.BeanNameUrlHandlerMapping      : Rejected bean name 'messageSource': no URL paths identified
2020-02-20 15:16:50.882 DEBUG 19676 --- [  restartedMain] o.s.w.s.h.BeanNameUrlHandlerMapping      : Rejected bean name 'applicationEventMulticaster': no URL paths identified
2020-02-20 15:16:50.882 DEBUG 19676 --- [  restartedMain] o.s.w.s.h.BeanNameUrlHandlerMapping      : Rejected bean name 'servletContext': no URL paths identified
2020-02-20 15:16:50.882 DEBUG 19676 --- [  restartedMain] o.s.w.s.h.BeanNameUrlHandlerMapping      : Rejected bean name 'contextParameters': no URL paths identified
2020-02-20 15:16:50.882 DEBUG 19676 --- [  restartedMain] o.s.w.s.h.BeanNameUrlHandlerMapping      : Rejected bean name 'contextAttributes': no URL paths identified
2020-02-20 15:16:50.901  INFO 19676 --- [  restartedMain] o.s.w.s.handler.SimpleUrlHandlerMapping  : Mapped URL path [/webjars/**] onto handler of type [class org.springframework.web.servlet.resource.ResourceHttpRequestHandler]
2020-02-20 15:16:50.902  INFO 19676 --- [  restartedMain] o.s.w.s.handler.SimpleUrlHandlerMapping  : Mapped URL path [/**] onto handler of type [class org.springframework.web.servlet.resource.ResourceHttpRequestHandler]
2020-02-20 15:16:50.916 DEBUG 19676 --- [  restartedMain] .m.m.a.ExceptionHandlerExceptionResolver : Looking for exception mappings: org.springframework.boot.context.embedded.AnnotationConfigEmbeddedWebApplicationContext@5233e41a: startup date [Thu Feb 20 15:16:48 IST 2020]; root of context hierarchy
2020-02-20 15:16:50.952  INFO 19676 --- [  restartedMain] o.s.w.s.handler.SimpleUrlHandlerMapping  : Mapped URL path [/**/favicon.ico] onto handler of type [class org.springframework.web.servlet.resource.ResourceHttpRequestHandler]
2020-02-20 15:16:51.152  INFO 19676 --- [  restartedMain] o.s.b.d.a.OptionalLiveReloadServer       : LiveReload server is running on port 35729
2020-02-20 15:16:51.204  INFO 19676 --- [  restartedMain] o.s.j.e.a.AnnotationMBeanExporter        : Registering beans for JMX exposure on startup
2020-02-20 15:16:51.216 DEBUG 19676 --- [  restartedMain] o.s.w.s.resource.ResourceUrlProvider     : Looking for resource handler mappings
2020-02-20 15:16:51.217 DEBUG 19676 --- [  restartedMain] o.s.w.s.resource.ResourceUrlProvider     : Found resource handler mapping: URL pattern="/**/favicon.ico", locations=[ServletContext resource [/], class path resource [META-INF/resources/], class path resource [resources/], class path resource [static/], class path resource [public/], class path resource []], resolvers=[org.springframework.web.servlet.resource.PathResourceResolver@83fdaa]
2020-02-20 15:16:51.217 DEBUG 19676 --- [  restartedMain] o.s.w.s.resource.ResourceUrlProvider     : Found resource handler mapping: URL pattern="/webjars/**", locations=[class path resource [META-INF/resources/webjars/]], resolvers=[org.springframework.web.servlet.resource.PathResourceResolver@78acee4f]
2020-02-20 15:16:51.217 DEBUG 19676 --- [  restartedMain] o.s.w.s.resource.ResourceUrlProvider     : Found resource handler mapping: URL pattern="/**", locations=[ServletContext resource [/], class path resource [META-INF/resources/], class path resource [resources/], class path resource [static/], class path resource [public/]], resolvers=[org.springframework.web.servlet.resource.PathResourceResolver@76bda051]
2020-02-20 15:16:51.287  INFO 19676 --- [  restartedMain] s.b.c.e.t.TomcatEmbeddedServletContainer : Tomcat started on port(s): 9091 (http)
2020-02-20 15:16:51.288 DEBUG 19676 --- [  restartedMain] o.s.w.c.s.StandardServletEnvironment     : Adding [server.ports] PropertySource with highest search precedence
2020-02-20 15:16:51.293  INFO 19676 --- [  restartedMain] com.vodafone.vois.user.Application       : Started Application in 3.76 seconds (JVM running for 4.349)
2020-02-20 15:17:00.963 DEBUG 19676 --- [nio-9091-exec-1] o.s.web.servlet.DispatcherServlet        : Initializing servlet 'dispatcherServlet'
2020-02-20 15:17:00.964  INFO 19676 --- [nio-9091-exec-1] o.a.c.c.C.[Tomcat].[localhost].[/]       : Initializing Spring FrameworkServlet 'dispatcherServlet'
2020-02-20 15:17:00.964  INFO 19676 --- [nio-9091-exec-1] o.s.web.servlet.DispatcherServlet        : FrameworkServlet 'dispatcherServlet': initialization started
2020-02-20 15:17:00.964 DEBUG 19676 --- [nio-9091-exec-1] o.s.web.servlet.DispatcherServlet        : Using MultipartResolver [org.springframework.web.multipart.support.StandardServletMultipartResolver@6199b3d9]
2020-02-20 15:17:00.967 DEBUG 19676 --- [nio-9091-exec-1] o.s.web.servlet.DispatcherServlet        : Unable to locate LocaleResolver with name 'localeResolver': using default [org.springframework.web.servlet.i18n.AcceptHeaderLocaleResolver@2a2abb73]
2020-02-20 15:17:00.969 DEBUG 19676 --- [nio-9091-exec-1] o.s.web.servlet.DispatcherServlet        : Unable to locate ThemeResolver with name 'themeResolver': using default [org.springframework.web.servlet.theme.FixedThemeResolver@28c6db4e]
2020-02-20 15:17:00.973 DEBUG 19676 --- [nio-9091-exec-1] o.s.web.servlet.DispatcherServlet        : Unable to locate RequestToViewNameTranslator with name 'viewNameTranslator': using default [org.springframework.web.servlet.view.DefaultRequestToViewNameTranslator@1e643ce6]
2020-02-20 15:17:00.978 DEBUG 19676 --- [nio-9091-exec-1] o.s.web.servlet.DispatcherServlet        : Unable to locate FlashMapManager with name 'flashMapManager': using default [org.springframework.web.servlet.support.SessionFlashMapManager@8a9635a]
2020-02-20 15:17:00.978 DEBUG 19676 --- [nio-9091-exec-1] o.s.web.servlet.DispatcherServlet        : Published WebApplicationContext of servlet 'dispatcherServlet' as ServletContext attribute with name [org.springframework.web.servlet.FrameworkServlet.CONTEXT.dispatcherServlet]
2020-02-20 15:17:00.978  INFO 19676 --- [nio-9091-exec-1] o.s.web.servlet.DispatcherServlet        : FrameworkServlet 'dispatcherServlet': initialization completed in 14 ms
2020-02-20 15:17:00.978 DEBUG 19676 --- [nio-9091-exec-1] o.s.web.servlet.DispatcherServlet        : Servlet 'dispatcherServlet' configured successfully
2020-02-20 15:17:01.005 DEBUG 19676 --- [nio-9091-exec-1] o.s.web.servlet.DispatcherServlet        : DispatcherServlet with name 'dispatcherServlet' processing GET request for [/user/get]
2020-02-20 15:17:01.009 DEBUG 19676 --- [nio-9091-exec-1] s.w.s.m.m.a.RequestMappingHandlerMapping : Looking up handler method for path /user/get
2020-02-20 15:17:01.016 DEBUG 19676 --- [nio-9091-exec-1] s.w.s.m.m.a.RequestMappingHandlerMapping : Returning handler method [public java.util.List<com.vodafone.vois.user.spring.bean.User> com.vodafone.vois.user.spring.controller.UserController.getAllUser()]
2020-02-20 15:17:01.016 DEBUG 19676 --- [nio-9091-exec-1] o.s.web.servlet.DispatcherServlet        : Last-Modified value for [/user/get] is: -1
2020-02-20 15:17:01.107 DEBUG 19676 --- [nio-9091-exec-1] m.m.a.RequestResponseBodyMethodProcessor : Written [[name:John, name:Ben, name:Andrew, name:Samuael]] as "application/json" using [org.springframework.http.converter.json.MappingJackson2HttpMessageConverter@2a3aeb9c]
2020-02-20 15:17:01.108 DEBUG 19676 --- [nio-9091-exec-1] o.s.web.servlet.DispatcherServlet        : Null ModelAndView returned to DispatcherServlet with name 'dispatcherServlet': assuming HandlerAdapter completed request handling
2020-02-20 15:17:01.108 DEBUG 19676 --- [nio-9091-exec-1] o.s.web.servlet.DispatcherServlet        : Successfully completed request
[INFO] ------------------------------------------------------------------------
[INFO] BUILD FAILURE
[INFO] ------------------------------------------------------------------------
[INFO] Total time:  30.218 s
[INFO] Finished at: 2020-02-20T15:17:14+05:30
[INFO] ------------------------------------------------------------------------
[ERROR] Failed to execute goal org.springframework.boot:spring-boot-maven-plugin:1.5.6.RELEASE:run (default-cli) on project spring-rest: Could not exec java: Application finished with exit code: 137 -> [Help 1]
[ERROR] 
[ERROR] To see the full stack trace of the errors, re-run Maven with the -e switch.
[ERROR] Re-run Maven using the -X switch to enable full debug logging.
[ERROR] 
[ERROR] For more information about the errors and possible solutions, please read the following articles:
[ERROR] [Help 1] http://cwiki.apache.org/confluence/display/MAVEN/MojoExecutionException
